<?xml version="1.0" encoding="UTF-8"?>
<!-- Generated by org.testng.reporters.JUnitXMLReporter -->
<testsuite hostname="nirbhay-Vostro-1014" name="Test" tests="1" failures="0" timestamp="7 Apr 2019 11:26:48 GMT" time="0.07" errors="0">
  <testcase name="@BeforeClass setup" time="0.0" classname="navaccessories.com.testCasse.Sign_Up_001">
    <failure type="org.testng.TestNGException" message="
Parameter &amp;apos;Browser&amp;apos; is required by @Configuration on method setup but has not been marked @Optional or defined
in /home/nirbhay/workspace1/navaccessories.com/testng.xml">
      <![CDATA[org.testng.TestNGException: 
Parameter 'Browser' is required by @Configuration on method setup but has not been marked @Optional or defined
in /home/nirbhay/workspace1/navaccessories.com/testng.xml
... Removed 21 stack frames]]>
    </failure>
  </testcase> <!-- @BeforeClass setup -->
  <testcase name="@AfterMethod tearDown" time="0.0" classname="navaccessories.com.testCasse.Sign_Up_001">
    <skipped/>
  </testcase> <!-- @AfterMethod tearDown -->
  <testcase name="@AfterClass tearDown" time="0.0" classname="navaccessories.com.testCasse.Sign_Up_001">
    <skipped/>
  </testcase> <!-- @AfterClass tearDown -->
  <testcase name="Registration" time="0.017" classname="navaccessories.com.testCasse.Sign_Up_001">
    <skipped/>
  </testcase> <!-- Registration -->
</testsuite> <!-- Test -->
