<?xml version="1.0" encoding="UTF-8"?>
<!-- Generated by org.testng.reporters.JUnitXMLReporter -->
<testsuite hostname="nirbhay-Vostro-1014" name="tig tog" tests="1" failures="0" timestamp="7 Apr 2019 11:22:02 GMT" time="0.721" errors="0">
  <testcase name="@BeforeClass setup" time="0.0" classname="com.inetBanking.testCase.TC_LoginPage_DDT_002">
    <failure type="java.lang.IllegalStateException" message="The driver executable does not exist: /home/nirbhay/eclipse-workspace/Selenium/Driver/chromedriver">
      <![CDATA[java.lang.IllegalStateException: The driver executable does not exist: /home/nirbhay/eclipse-workspace/Selenium/Driver/chromedriver
	at com.google.common.base.Preconditions.checkState(Preconditions.java:585)
	at org.openqa.selenium.remote.service.DriverService.checkExecutable(DriverService.java:146)
	at org.openqa.selenium.remote.service.DriverService.findExecutable(DriverService.java:141)
	at org.openqa.selenium.chrome.ChromeDriverService.access$000(ChromeDriverService.java:35)
	at org.openqa.selenium.chrome.ChromeDriverService$Builder.findDefaultExecutable(ChromeDriverService.java:159)
	at org.openqa.selenium.remote.service.DriverService$Builder.build(DriverService.java:355)
	at org.openqa.selenium.chrome.ChromeDriverService.createDefaultService(ChromeDriverService.java:94)
	at org.openqa.selenium.chrome.ChromeDriver.<init>(ChromeDriver.java:123)
	at com.inetBanking.testCase.BaseClass.setup(BaseClass.java:35)
... Removed 25 stack frames]]>
    </failure>
  </testcase> <!-- @BeforeClass setup -->
  <testcase name="@AfterClass tearDown" time="0.0" classname="com.inetBanking.testCase.TC_LoginPage_DDT_002">
    <skipped/>
  </testcase> <!-- @AfterClass tearDown -->
  <testcase name="loginDDt" time="0.0" classname="com.inetBanking.testCase.TC_LoginPage_DDT_002">
    <skipped/>
  </testcase> <!-- loginDDt -->
</testsuite> <!-- tig tog -->
